TN:
SF:src/components/DocNavStrip/index.tsx
FN:12,findLabelByPermalink
FN:31,useTranslatedTitle
FN:39,DocNavStripUI
FN:75,DocNavStrip
FNF:4
FNH:4
FNDA:5,findLabelByPermalink
FNDA:52,useTranslatedTitle
FNDA:26,DocNavStripUI
FNDA:26,DocNavStrip
DA:2,1
DA:3,1
DA:5,1
DA:12,5
DA:13,5
DA:14,5
DA:15,5
DA:16,5
DA:17,5
DA:18,2
DA:19,2
DA:20,5
DA:21,2
DA:22,1
DA:23,1
DA:24,1
DA:25,1
DA:26,2
DA:27,5
DA:28,1
DA:29,1
DA:31,52
DA:32,52
DA:33,52
DA:34,31
DA:35,52
DA:36,52
DA:37,52
DA:39,1
DA:40,26
DA:41,26
DA:42,26
DA:45,26
DA:46,26
DA:47,26
DA:49,26
DA:50,2
DA:51,2
DA:53,24
DA:54,24
DA:55,24
DA:56,24
DA:57,19
DA:58,19
DA:59,19
DA:60,19
DA:62,26
DA:63,26
DA:64,26
DA:65,12
DA:66,12
DA:67,12
DA:68,12
DA:70,26
DA:71,26
DA:73,26
DA:75,26
DA:76,26
DA:77,26
DA:78,26
DA:79,26
LF:61
LH:61
BRDA:12,0,0,5
BRDA:17,1,0,3
BRDA:17,2,0,2
BRDA:19,3,0,3
BRDA:20,4,0,2
BRDA:21,5,0,1
BRDA:27,6,0,1
BRDA:31,7,0,52
BRDA:33,8,0,49
BRDA:33,9,0,21
BRDA:33,10,0,31
BRDA:35,11,0,4
BRDA:36,12,0,28
BRDA:39,13,0,26
BRDA:49,14,0,7
BRDA:49,15,0,2
BRDA:51,16,0,25
BRDA:51,17,0,24
BRDA:56,18,0,19
BRDA:64,19,0,12
BRDA:75,20,0,26
BRF:21
BRH:21
end_of_record
TN:
SF:src/components/FunctionBadge/index.tsx
FN:20,FunctionBadge
FN:39,getVariantLabel
FNF:2
FNH:2
FNDA:14,FunctionBadge
FNDA:8,getVariantLabel
DA:2,1
DA:3,1
DA:13,1
DA:14,1
DA:15,1
DA:16,1
DA:17,1
DA:18,1
DA:20,1
DA:21,14
DA:22,14
DA:23,14
DA:24,14
DA:25,14
DA:27,14
DA:28,14
DA:29,14
DA:30,14
DA:31,14
DA:33,14
DA:34,14
DA:35,14
DA:37,14
DA:39,1
DA:40,8
DA:41,8
DA:43,1
LF:27
LH:27
BRDA:20,0,0,14
BRDA:33,1,0,2
BRDA:39,2,0,8
BRF:3
BRH:3
end_of_record
TN:
SF:src/components/GlossarySearch/index.tsx
FN:8,GlossarySearch
FN:37,onChange
FNF:2
FNH:2
FNDA:11,GlossarySearch
FNDA:5,onChange
DA:1,1
DA:2,1
DA:8,11
DA:9,11
DA:11,11
DA:12,11
DA:13,11
DA:15,11
DA:16,33
DA:17,33
DA:19,33
DA:20,24
DA:21,33
DA:22,9
DA:23,9
DA:24,11
DA:25,11
DA:27,11
DA:28,11
DA:29,11
DA:30,11
DA:31,11
DA:32,11
DA:33,11
DA:34,11
DA:35,11
DA:36,11
DA:37,11
DA:38,11
DA:39,11
DA:40,11
DA:42,11
LF:32
LH:32
BRDA:8,0,0,11
BRDA:11,1,0,11
BRDA:15,2,0,33
BRDA:16,3,0,0
BRDA:17,4,0,0
BRDA:19,5,0,12
BRDA:19,6,0,10
BRDA:19,7,0,24
BRDA:21,8,0,9
BRDA:37,9,0,5
BRF:10
BRH:8
end_of_record
TN:
SF:src/contexts/CategoryPageNavContext.ts
FNF:0
FNH:0
DA:1,1
DA:17,1
DA:19,1
LF:3
LH:3
BRF:0
BRH:0
end_of_record
TN:
SF:src/contexts/IsInDocProviderContext.ts
FNF:0
FNH:0
DA:1,1
DA:8,1
DA:10,1
LF:3
LH:3
BRF:0
BRH:0
end_of_record
TN:
SF:src/theme/DocBreadcrumbs/index.tsx
FN:15,useIsMobile
FN:24,handler
FN:31,BreadcrumbsItemLink
FN:53,BreadcrumbsItem
FN:70,EllipsisItem
FN:88,DocBreadcrumbs
FN:122,measure
FN:160,onExpand
FN:184,DocBreadcrumbsWrapper
FNF:9
FNH:9
FNDA:25,useIsMobile
FNDA:1,handler
FNDA:46,BreadcrumbsItemLink
FNDA:46,BreadcrumbsItem
FNDA:3,EllipsisItem
FNDA:25,DocBreadcrumbs
FNDA:6,measure
FNDA:1,onExpand
FNDA:17,DocBreadcrumbsWrapper
DA:1,1
DA:2,1
DA:3,1
DA:4,1
DA:5,1
DA:6,1
DA:7,1
DA:8,1
DA:9,1
DA:10,1
DA:13,1
DA:15,25
DA:16,25
DA:17,17
DA:18,17
DA:19,0
DA:20,25
DA:21,25
DA:22,17
DA:23,17
DA:24,17
DA:25,17
DA:26,17
DA:27,25
DA:28,25
DA:29,25
DA:31,46
DA:32,46
DA:33,46
DA:34,46
DA:35,46
DA:39,46
DA:40,46
DA:41,46
DA:42,18
DA:43,18
DA:44,28
DA:45,26
DA:46,26
DA:47,26
DA:49,2
DA:51,46
DA:53,46
DA:54,46
DA:55,46
DA:56,46
DA:59,46
DA:60,46
DA:61,46
DA:62,46
DA:63,46
DA:64,46
DA:65,46
DA:66,46
DA:68,46
DA:70,3
DA:71,3
DA:72,3
DA:73,3
DA:74,3
DA:75,3
DA:76,3
DA:77,3
DA:78,3
DA:79,3
DA:80,3
DA:81,3
DA:83,3
DA:84,3
DA:86,3
DA:88,25
DA:89,25
DA:90,25
DA:91,25
DA:92,25
DA:93,25
DA:95,25
DA:97,25
DA:98,25
DA:99,25
DA:102,25
DA:103,18
DA:104,13
DA:105,13
DA:106,13
DA:107,25
DA:113,25
DA:114,23
DA:115,23
DA:116,13
DA:117,13
DA:118,13
DA:119,6
DA:120,6
DA:122,6
DA:123,6
DA:124,6
DA:125,6
DA:126,6
DA:127,6
DA:128,6
DA:129,6
DA:131,6
DA:133,6
DA:134,6
DA:135,6
DA:136,25
DA:138,25
DA:139,5
DA:140,5
DA:142,20
DA:143,3
DA:144,17
DA:146,25
DA:147,25
DA:148,25
DA:149,25
DA:150,25
DA:151,25
DA:152,25
DA:153,25
DA:154,25
DA:155,25
DA:156,25
DA:157,25
DA:158,25
DA:159,55
DA:160,3
DA:161,3
DA:162,52
DA:163,52
DA:164,55
DA:165,1
DA:166,51
DA:167,55
DA:168,55
DA:169,55
DA:170,55
DA:171,55
DA:172,55
DA:174,25
DA:175,25
DA:176,25
DA:177,25
DA:179,25
DA:184,17
DA:185,17
DA:186,17
DA:187,17
DA:188,17
DA:189,17
DA:190,17
DA:191,17
DA:192,17
DA:194,17
LF:155
LH:154
BRDA:15,0,0,25
BRDA:16,1,0,17
BRDA:18,2,0,0
BRDA:21,3,0,17
BRDA:24,4,0,1
BRDA:26,5,0,17
BRDA:31,6,0,46
BRDA:41,7,0,18
BRDA:43,8,0,28
BRDA:44,9,0,26
BRDA:47,10,0,2
BRDA:53,11,0,46
BRDA:70,12,0,3
BRDA:88,13,0,25
BRDA:95,14,0,11
BRDA:95,15,0,11
BRDA:97,16,0,11
BRDA:97,17,0,11
BRDA:98,18,0,9
BRDA:98,19,0,7
BRDA:99,20,0,11
BRDA:99,21,0,2
BRDA:138,22,0,5
BRDA:140,23,0,20
BRDA:142,24,0,3
BRDA:143,25,0,17
BRDA:156,26,0,17
BRDA:102,27,0,18
BRDA:103,28,0,13
BRDA:113,29,0,23
BRDA:114,30,0,20
BRDA:114,31,0,4
BRDA:114,32,0,19
BRDA:115,33,0,13
BRDA:118,34,0,6
BRDA:120,35,0,0
BRDA:120,36,0,6
BRDA:122,37,0,6
BRDA:126,38,0,13
BRDA:135,39,0,6
BRDA:158,40,0,55
BRDA:159,41,0,3
BRDA:161,42,0,52
BRDA:164,43,0,32
BRDA:164,44,0,1
BRDA:165,45,0,51
BRDA:160,46,0,1
BRDA:184,47,0,17
BRDA:190,48,0,3
BRDA:191,49,0,0
BRF:50
BRH:47
end_of_record
TN:
SF:src/theme/DocCard/index.tsx
FN:15,formatItemCount
FN:19,TocEntry
FN:38,CardCategory
FN:55,CardLink
FN:68,DocCard
FNF:5
FNH:5
FNDA:3,formatItemCount
FNDA:8,TocEntry
FNDA:5,CardCategory
FNDA:4,CardLink
FNDA:12,DocCard
DA:2,1
DA:3,1
DA:4,1
DA:13,1
DA:15,3
DA:16,3
DA:17,3
DA:19,8
DA:20,8
DA:21,8
DA:22,8
DA:23,8
DA:24,8
DA:29,8
DA:30,8
DA:31,8
DA:32,8
DA:33,8
DA:34,8
DA:36,8
DA:38,5
DA:39,5
DA:41,5
DA:42,1
DA:43,1
DA:45,4
DA:46,4
DA:47,4
DA:48,4
DA:49,4
DA:50,5
DA:51,5
DA:53,5
DA:55,4
DA:56,4
DA:57,4
DA:58,4
DA:59,4
DA:60,4
DA:61,4
DA:62,4
DA:63,4
DA:64,4
DA:66,4
DA:68,12
DA:69,12
DA:70,12
DA:71,4
DA:72,12
DA:73,5
DA:74,12
DA:75,2
DA:76,12
DA:77,12
LF:54
LH:54
BRDA:15,0,0,3
BRDA:16,1,0,1
BRDA:16,2,0,2
BRDA:19,3,0,8
BRDA:33,4,0,6
BRDA:38,5,0,5
BRDA:41,6,0,1
BRDA:43,7,0,4
BRDA:50,8,0,3
BRDA:55,9,0,4
BRDA:56,10,0,0
BRDA:57,11,0,3
BRDA:57,12,0,1
BRDA:68,13,0,12
BRDA:70,14,0,4
BRDA:72,15,0,5
BRDA:74,16,0,2
BRF:17
BRH:16
end_of_record
TN:
SF:src/theme/DocCardList/index.tsx
FN:11,DocCardListForCurrentSidebarCategory
FN:16,DocCardList
FNF:2
FNH:2
FNDA:1,DocCardListForCurrentSidebarCategory
FNDA:6,DocCardList
DA:2,1
DA:3,1
DA:7,1
DA:9,1
DA:11,1
DA:12,1
DA:13,1
DA:14,1
DA:16,6
DA:17,6
DA:18,6
DA:19,1
DA:20,1
DA:21,5
DA:22,5
DA:23,5
DA:24,5
DA:25,9
DA:26,9
DA:27,9
DA:28,5
DA:29,5
DA:31,5
LF:23
LH:23
BRDA:11,0,0,1
BRDA:16,1,0,6
BRDA:18,2,0,1
BRDA:20,3,0,5
BRDA:24,4,0,9
BRF:5
BRH:5
end_of_record
TN:
SF:src/theme/DocCategoryGeneratedIndexPage/index.tsx
FN:9,DocCategoryGeneratedIndexPageWrapper
FNF:1
FNH:1
FNDA:3,DocCategoryGeneratedIndexPageWrapper
DA:2,1
DA:5,1
DA:9,3
DA:10,3
DA:11,3
DA:12,3
DA:13,3
DA:14,3
DA:15,3
DA:16,3
DA:18,3
LF:11
LH:11
BRDA:9,0,0,3
BRF:1
BRH:1
end_of_record
TN:
SF:src/theme/DocItem/index.tsx
FN:9,DocItemWrapper
FNF:1
FNH:1
FNDA:2,DocItemWrapper
DA:2,1
DA:5,1
DA:9,2
DA:10,2
DA:11,2
DA:12,2
DA:13,2
DA:15,2
LF:8
LH:8
BRDA:9,0,0,2
BRF:1
BRH:1
end_of_record
