TN:
SF:src/components/DocNavStrip/index.tsx
FN:6,DocNavStrip
FNF:1
FNH:1
FNDA:22,DocNavStrip
DA:2,1
DA:3,1
DA:4,1
DA:6,22
DA:7,22
DA:8,22
DA:10,22
DA:11,2
DA:12,2
DA:14,20
DA:15,20
DA:16,20
DA:17,20
DA:18,15
DA:19,15
DA:20,15
DA:21,15
DA:23,22
DA:24,22
DA:25,22
DA:26,12
DA:27,12
DA:28,12
DA:29,12
DA:31,22
DA:32,22
DA:34,22
LF:27
LH:27
BRDA:6,0,0,22
BRDA:10,1,0,7
BRDA:10,2,0,2
BRDA:12,3,0,21
BRDA:12,4,0,20
BRDA:17,5,0,15
BRDA:25,6,0,12
BRF:7
BRH:7
end_of_record
TN:
SF:src/components/FunctionBadge/index.tsx
FN:20,FunctionBadge
FN:39,getVariantLabel
FNF:2
FNH:2
FNDA:14,FunctionBadge
FNDA:8,getVariantLabel
DA:2,1
DA:3,1
DA:13,1
DA:14,1
DA:15,1
DA:16,1
DA:17,1
DA:18,1
DA:20,1
DA:21,14
DA:22,14
DA:23,14
DA:24,14
DA:25,14
DA:27,14
DA:28,14
DA:29,14
DA:30,14
DA:31,14
DA:33,14
DA:34,14
DA:35,14
DA:37,14
DA:39,1
DA:40,8
DA:41,8
DA:43,1
LF:27
LH:27
BRDA:20,0,0,14
BRDA:33,1,0,2
BRDA:39,2,0,8
BRF:3
BRH:3
end_of_record
TN:
SF:src/contexts/IsInDocProviderContext.ts
FNF:0
FNH:0
DA:1,1
DA:8,1
DA:10,1
LF:3
LH:3
BRF:0
BRH:0
end_of_record
TN:
SF:src/theme/DocBreadcrumbs/index.tsx
FN:14,useIsMobile
FN:19,handler
FN:26,BreadcrumbsItemLink
FN:48,BreadcrumbsItem
FN:65,EllipsisItem
FN:83,DocBreadcrumbs
FN:111,onExpand
FN:132,DocBreadcrumbsWrapper
FNF:8
FNH:7
FNDA:20,useIsMobile
FNDA:0,handler
FNDA:38,BreadcrumbsItemLink
FNDA:38,BreadcrumbsItem
FNDA:3,EllipsisItem
FNDA:20,DocBreadcrumbs
FNDA:1,onExpand
FNDA:15,DocBreadcrumbsWrapper
DA:1,1
DA:2,1
DA:3,1
DA:4,1
DA:5,1
DA:6,1
DA:7,1
DA:8,1
DA:9,1
DA:12,1
DA:14,20
DA:15,20
DA:16,20
DA:17,15
DA:18,15
DA:19,15
DA:20,15
DA:21,15
DA:22,20
DA:23,20
DA:24,20
DA:26,38
DA:27,38
DA:28,38
DA:29,38
DA:30,38
DA:34,38
DA:35,38
DA:36,38
DA:37,15
DA:38,15
DA:39,23
DA:40,22
DA:41,22
DA:42,22
DA:44,1
DA:46,38
DA:48,38
DA:49,38
DA:50,38
DA:51,38
DA:54,38
DA:55,38
DA:56,38
DA:57,38
DA:58,38
DA:59,38
DA:60,38
DA:61,38
DA:63,38
DA:65,3
DA:66,3
DA:67,3
DA:68,3
DA:69,3
DA:70,3
DA:71,3
DA:72,3
DA:73,3
DA:74,3
DA:75,3
DA:76,3
DA:78,3
DA:79,3
DA:81,3
DA:83,20
DA:84,20
DA:85,20
DA:86,20
DA:88,20
DA:89,5
DA:90,5
DA:92,20
DA:93,20
DA:94,3
DA:95,12
DA:97,20
DA:98,20
DA:99,20
DA:100,20
DA:101,20
DA:102,20
DA:103,20
DA:104,20
DA:105,20
DA:106,20
DA:107,20
DA:108,20
DA:109,20
DA:110,41
DA:111,3
DA:112,3
DA:113,38
DA:114,38
DA:115,41
DA:116,0
DA:117,38
DA:118,41
DA:119,41
DA:120,41
DA:121,41
DA:122,41
DA:123,41
DA:125,20
DA:126,20
DA:127,20
DA:128,20
DA:130,20
DA:132,15
DA:133,15
DA:134,15
DA:135,15
DA:136,15
DA:137,15
DA:138,15
DA:140,15
LF:116
LH:115
BRDA:14,0,0,20
BRDA:16,1,0,15
BRDA:21,2,0,15
BRDA:26,3,0,38
BRDA:36,4,0,15
BRDA:38,5,0,23
BRDA:39,6,0,22
BRDA:42,7,0,1
BRDA:48,8,0,38
BRDA:65,9,0,3
BRDA:83,10,0,20
BRDA:88,11,0,5
BRDA:90,12,0,15
BRDA:92,13,0,5
BRDA:92,14,0,4
BRDA:93,15,0,3
BRDA:94,16,0,12
BRDA:109,17,0,41
BRDA:110,18,0,3
BRDA:112,19,0,38
BRDA:115,20,0,23
BRDA:115,21,0,0
BRDA:116,22,0,38
BRDA:111,23,0,1
BRDA:132,24,0,15
BRDA:137,25,0,3
BRF:26
BRH:25
end_of_record
TN:
SF:src/theme/DocItem/index.tsx
FN:9,DocItemWrapper
FNF:1
FNH:1
FNDA:2,DocItemWrapper
DA:2,1
DA:5,1
DA:9,2
DA:10,2
DA:11,2
DA:12,2
DA:13,2
DA:15,2
LF:8
LH:8
BRDA:9,0,0,2
BRF:1
BRH:1
end_of_record
